<?xml version="1.0" encoding="UTF-8"?>
<!-- Generated by org.testng.reporters.JUnitXMLReporter -->
<testsuite ignored="0" hostname="KAYCEES-YOGA" failures="0" tests="3" name="All Functionalities" time="48.032" errors="0" timestamp="2022-06-07T13:15:30 CDT">
  <testcase classname="scripts._01_Cars_Test" name="validateSignInForm" time="6.774"/>
  <testcase classname="scripts._01_Cars_Test" name="validateSocialMediaSection" time="4.499"/>
  <testcase classname="scripts._01_Cars_Test" name="validateInvalidCredentials" time="19.327"/>
</testsuite> <!-- All Functionalities -->
