<?xml version="1.0" encoding="UTF-8"?>
<testsuite xmlns:xsi="http://www.w3.org/2001/XMLSchema-instance" xsi:schemaLocation="https://maven.apache.org/surefire/maven-surefire-plugin/xsd/surefire-test-report.xsd" name="TestSuite" time="48.768" tests="3" errors="0" skipped="0" failures="0">
  <properties>
[...]
</properties>
  <testcase name="validateSignInForm" classname="scripts._01_Cars_Test" time="6.773"/>
  <testcase name="validateSocialMediaSection" classname="scripts._01_Cars_Test" time="4.498"/>
  <testcase name="validateInvalidCredentials" classname="scripts._01_Cars_Test" time="19.33"/>
</testsuite>