<?xml version="1.0" encoding="UTF-8"?>
<testng-results ignored="0" total="3" passed="3" failed="0" skipped="0">
  <reporter-output>
  </reporter-output>
  <suite started-at="2022-06-07T13:14:42 CDT" name="Regression" finished-at="2022-06-07T13:15:30 CDT" duration-ms="48032">
    <groups>
    </groups>
    <test started-at="2022-06-07T13:14:42 CDT" name="All Functionalities" finished-at="2022-06-07T13:15:30 CDT" duration-ms="48032">
      <class name="scripts._01_Cars_Test">
        <test-method is-config="true" signature="setup()[pri:0, instance:scripts._01_Cars_Test@120d6fe6]" started-at="2022-06-07T13:14:42 CDT" name="setup" finished-at="2022-06-07T13:14:43 CDT" duration-ms="1765" status="PASS">
          <reporter-output>
          </reporter-output>
        </test-method> <!-- setup -->
        <test-method signature="validateSignInForm()[pri:1, instance:scripts._01_Cars_Test@120d6fe6]" started-at="2022-06-07T13:14:43 CDT" name="validateSignInForm" description="TC:001 Validate Cars.com Sign In Page Form" finished-at="2022-06-07T13:14:50 CDT" duration-ms="6774" status="PASS">
          <reporter-output>
          </reporter-output>
        </test-method> <!-- validateSignInForm -->
        <test-method is-config="true" signature="teardown()[pri:0, instance:scripts._01_Cars_Test@120d6fe6]" started-at="2022-06-07T13:14:50 CDT" name="teardown" finished-at="2022-06-07T13:14:54 CDT" duration-ms="3451" status="PASS">
          <reporter-output>
          </reporter-output>
        </test-method> <!-- teardown -->
        <test-method is-config="true" signature="setup()[pri:0, instance:scripts._01_Cars_Test@120d6fe6]" started-at="2022-06-07T13:14:54 CDT" name="setup" finished-at="2022-06-07T13:14:55 CDT" duration-ms="973" status="PASS">
          <reporter-output>
          </reporter-output>
        </test-method> <!-- setup -->
        <test-method signature="validateSocialMediaSection()[pri:2, instance:scripts._01_Cars_Test@120d6fe6]" started-at="2022-06-07T13:14:55 CDT" name="validateSocialMediaSection" description="TC:002 Validate Cars.com Sign In Page Social Media Section" finished-at="2022-06-07T13:14:59 CDT" duration-ms="4499" status="PASS">
          <reporter-output>
          </reporter-output>
        </test-method> <!-- validateSocialMediaSection -->
        <test-method is-config="true" signature="teardown()[pri:0, instance:scripts._01_Cars_Test@120d6fe6]" started-at="2022-06-07T13:14:59 CDT" name="teardown" finished-at="2022-06-07T13:15:03 CDT" duration-ms="3372" status="PASS">
          <reporter-output>
          </reporter-output>
        </test-method> <!-- teardown -->
        <test-method is-config="true" signature="setup()[pri:0, instance:scripts._01_Cars_Test@120d6fe6]" started-at="2022-06-07T13:15:03 CDT" name="setup" finished-at="2022-06-07T13:15:04 CDT" duration-ms="985" status="PASS">
          <reporter-output>
          </reporter-output>
        </test-method> <!-- setup -->
        <test-method signature="validateInvalidCredentials()[pri:3, instance:scripts._01_Cars_Test@120d6fe6]" started-at="2022-06-07T13:15:04 CDT" name="validateInvalidCredentials" description="TC:003 Validate User Cannot Sign In to Cars.com With Invalid Credentials" finished-at="2022-06-07T13:15:23 CDT" duration-ms="19327" status="PASS">
          <reporter-output>
          </reporter-output>
        </test-method> <!-- validateInvalidCredentials -->
        <test-method is-config="true" signature="teardown()[pri:0, instance:scripts._01_Cars_Test@120d6fe6]" started-at="2022-06-07T13:15:23 CDT" name="teardown" finished-at="2022-06-07T13:15:30 CDT" duration-ms="6850" status="PASS">
          <reporter-output>
          </reporter-output>
        </test-method> <!-- teardown -->
      </class> <!-- scripts._01_Cars_Test -->
    </test> <!-- All Functionalities -->
  </suite> <!-- Regression -->
</testng-results>
